2022-12-03 13:42:48	/opt/lampp/htdocs/public/wiki/inc/Mailer.class.php(641)	Warning: Undefined array key "userinfo"
  #0 /opt/lampp/htdocs/public/wiki/inc/Mailer.class.php(641): dokuwiki\ErrorHandler::logWarning()
  #1 /opt/lampp/htdocs/public/wiki/inc/Mailer.class.php(72): Mailer->prepareTokenReplacements()
  #2 /opt/lampp/htdocs/public/wiki/inc/Subscriptions/SubscriptionSender.php(14): Mailer->__construct()
  #3 /opt/lampp/htdocs/public/wiki/inc/auth.php(914): dokuwiki\Subscriptions\SubscriptionSender->__construct()
  #4 /opt/lampp/htdocs/public/wiki/inc/Action/Register.php(40): register()
  #5 /opt/lampp/htdocs/public/wiki/inc/ActionRouter.php(83): dokuwiki\Action\Register->preProcess()
  #6 /opt/lampp/htdocs/public/wiki/inc/ActionRouter.php(48): dokuwiki\ActionRouter->setupAction()
  #7 /opt/lampp/htdocs/public/wiki/inc/ActionRouter.php(60): dokuwiki\ActionRouter->__construct()
  #8 /opt/lampp/htdocs/public/wiki/inc/actions.php(16): dokuwiki\ActionRouter::getInstance()
  #9 /opt/lampp/htdocs/public/wiki/doku.php(126): act_dispatch()
  #10 {main}
2022-12-03 13:42:48	/opt/lampp/htdocs/public/wiki/inc/Mailer.class.php(641)	Warning: Trying to access array offset on value of type null
  #0 /opt/lampp/htdocs/public/wiki/inc/Mailer.class.php(641): dokuwiki\ErrorHandler::logWarning()
  #1 /opt/lampp/htdocs/public/wiki/inc/Mailer.class.php(72): Mailer->prepareTokenReplacements()
  #2 /opt/lampp/htdocs/public/wiki/inc/Subscriptions/SubscriptionSender.php(14): Mailer->__construct()
  #3 /opt/lampp/htdocs/public/wiki/inc/auth.php(914): dokuwiki\Subscriptions\SubscriptionSender->__construct()
  #4 /opt/lampp/htdocs/public/wiki/inc/Action/Register.php(40): register()
  #5 /opt/lampp/htdocs/public/wiki/inc/ActionRouter.php(83): dokuwiki\Action\Register->preProcess()
  #6 /opt/lampp/htdocs/public/wiki/inc/ActionRouter.php(48): dokuwiki\ActionRouter->setupAction()
  #7 /opt/lampp/htdocs/public/wiki/inc/ActionRouter.php(60): dokuwiki\ActionRouter->__construct()
  #8 /opt/lampp/htdocs/public/wiki/inc/actions.php(16): dokuwiki\ActionRouter::getInstance()
  #9 /opt/lampp/htdocs/public/wiki/doku.php(126): act_dispatch()
  #10 {main}
2022-12-03 13:42:48	/opt/lampp/htdocs/public/wiki/inc/Mailer.class.php(642)	Warning: Undefined array key "userinfo"
  #0 /opt/lampp/htdocs/public/wiki/inc/Mailer.class.php(642): dokuwiki\ErrorHandler::logWarning()
  #1 /opt/lampp/htdocs/public/wiki/inc/Mailer.class.php(72): Mailer->prepareTokenReplacements()
  #2 /opt/lampp/htdocs/public/wiki/inc/Subscriptions/SubscriptionSender.php(14): Mailer->__construct()
  #3 /opt/lampp/htdocs/public/wiki/inc/auth.php(914): dokuwiki\Subscriptions\SubscriptionSender->__construct()
  #4 /opt/lampp/htdocs/public/wiki/inc/Action/Register.php(40): register()
  #5 /opt/lampp/htdocs/public/wiki/inc/ActionRouter.php(83): dokuwiki\Action\Register->preProcess()
  #6 /opt/lampp/htdocs/public/wiki/inc/ActionRouter.php(48): dokuwiki\ActionRouter->setupAction()
  #7 /opt/lampp/htdocs/public/wiki/inc/ActionRouter.php(60): dokuwiki\ActionRouter->__construct()
  #8 /opt/lampp/htdocs/public/wiki/inc/actions.php(16): dokuwiki\ActionRouter::getInstance()
  #9 /opt/lampp/htdocs/public/wiki/doku.php(126): act_dispatch()
  #10 {main}
2022-12-03 13:42:48	/opt/lampp/htdocs/public/wiki/inc/Mailer.class.php(642)	Warning: Trying to access array offset on value of type null
  #0 /opt/lampp/htdocs/public/wiki/inc/Mailer.class.php(642): dokuwiki\ErrorHandler::logWarning()
  #1 /opt/lampp/htdocs/public/wiki/inc/Mailer.class.php(72): Mailer->prepareTokenReplacements()
  #2 /opt/lampp/htdocs/public/wiki/inc/Subscriptions/SubscriptionSender.php(14): Mailer->__construct()
  #3 /opt/lampp/htdocs/public/wiki/inc/auth.php(914): dokuwiki\Subscriptions\SubscriptionSender->__construct()
  #4 /opt/lampp/htdocs/public/wiki/inc/Action/Register.php(40): register()
  #5 /opt/lampp/htdocs/public/wiki/inc/ActionRouter.php(83): dokuwiki\Action\Register->preProcess()
  #6 /opt/lampp/htdocs/public/wiki/inc/ActionRouter.php(48): dokuwiki\ActionRouter->setupAction()
  #7 /opt/lampp/htdocs/public/wiki/inc/ActionRouter.php(60): dokuwiki\ActionRouter->__construct()
  #8 /opt/lampp/htdocs/public/wiki/inc/actions.php(16): dokuwiki\ActionRouter::getInstance()
  #9 /opt/lampp/htdocs/public/wiki/doku.php(126): act_dispatch()
  #10 {main}
2022-12-03 13:42:48	/opt/lampp/htdocs/public/wiki/inc/Mailer.class.php(641)	Warning: Undefined array key "userinfo"
  #0 /opt/lampp/htdocs/public/wiki/inc/Mailer.class.php(641): dokuwiki\ErrorHandler::logWarning()
  #1 /opt/lampp/htdocs/public/wiki/inc/Mailer.class.php(72): Mailer->prepareTokenReplacements()
  #2 /opt/lampp/htdocs/public/wiki/inc/auth.php(853): Mailer->__construct()
  #3 /opt/lampp/htdocs/public/wiki/inc/auth.php(924): auth_sendPassword()
  #4 /opt/lampp/htdocs/public/wiki/inc/Action/Register.php(40): register()
  #5 /opt/lampp/htdocs/public/wiki/inc/ActionRouter.php(83): dokuwiki\Action\Register->preProcess()
  #6 /opt/lampp/htdocs/public/wiki/inc/ActionRouter.php(48): dokuwiki\ActionRouter->setupAction()
  #7 /opt/lampp/htdocs/public/wiki/inc/ActionRouter.php(60): dokuwiki\ActionRouter->__construct()
  #8 /opt/lampp/htdocs/public/wiki/inc/actions.php(16): dokuwiki\ActionRouter::getInstance()
  #9 /opt/lampp/htdocs/public/wiki/doku.php(126): act_dispatch()
  #10 {main}
2022-12-03 13:42:48	/opt/lampp/htdocs/public/wiki/inc/Mailer.class.php(641)	Warning: Trying to access array offset on value of type null
  #0 /opt/lampp/htdocs/public/wiki/inc/Mailer.class.php(641): dokuwiki\ErrorHandler::logWarning()
  #1 /opt/lampp/htdocs/public/wiki/inc/Mailer.class.php(72): Mailer->prepareTokenReplacements()
  #2 /opt/lampp/htdocs/public/wiki/inc/auth.php(853): Mailer->__construct()
  #3 /opt/lampp/htdocs/public/wiki/inc/auth.php(924): auth_sendPassword()
  #4 /opt/lampp/htdocs/public/wiki/inc/Action/Register.php(40): register()
  #5 /opt/lampp/htdocs/public/wiki/inc/ActionRouter.php(83): dokuwiki\Action\Register->preProcess()
  #6 /opt/lampp/htdocs/public/wiki/inc/ActionRouter.php(48): dokuwiki\ActionRouter->setupAction()
  #7 /opt/lampp/htdocs/public/wiki/inc/ActionRouter.php(60): dokuwiki\ActionRouter->__construct()
  #8 /opt/lampp/htdocs/public/wiki/inc/actions.php(16): dokuwiki\ActionRouter::getInstance()
  #9 /opt/lampp/htdocs/public/wiki/doku.php(126): act_dispatch()
  #10 {main}
2022-12-03 13:42:48	/opt/lampp/htdocs/public/wiki/inc/Mailer.class.php(642)	Warning: Undefined array key "userinfo"
  #0 /opt/lampp/htdocs/public/wiki/inc/Mailer.class.php(642): dokuwiki\ErrorHandler::logWarning()
  #1 /opt/lampp/htdocs/public/wiki/inc/Mailer.class.php(72): Mailer->prepareTokenReplacements()
  #2 /opt/lampp/htdocs/public/wiki/inc/auth.php(853): Mailer->__construct()
  #3 /opt/lampp/htdocs/public/wiki/inc/auth.php(924): auth_sendPassword()
  #4 /opt/lampp/htdocs/public/wiki/inc/Action/Register.php(40): register()
  #5 /opt/lampp/htdocs/public/wiki/inc/ActionRouter.php(83): dokuwiki\Action\Register->preProcess()
  #6 /opt/lampp/htdocs/public/wiki/inc/ActionRouter.php(48): dokuwiki\ActionRouter->setupAction()
  #7 /opt/lampp/htdocs/public/wiki/inc/ActionRouter.php(60): dokuwiki\ActionRouter->__construct()
  #8 /opt/lampp/htdocs/public/wiki/inc/actions.php(16): dokuwiki\ActionRouter::getInstance()
  #9 /opt/lampp/htdocs/public/wiki/doku.php(126): act_dispatch()
  #10 {main}
2022-12-03 13:42:48	/opt/lampp/htdocs/public/wiki/inc/Mailer.class.php(642)	Warning: Trying to access array offset on value of type null
  #0 /opt/lampp/htdocs/public/wiki/inc/Mailer.class.php(642): dokuwiki\ErrorHandler::logWarning()
  #1 /opt/lampp/htdocs/public/wiki/inc/Mailer.class.php(72): Mailer->prepareTokenReplacements()
  #2 /opt/lampp/htdocs/public/wiki/inc/auth.php(853): Mailer->__construct()
  #3 /opt/lampp/htdocs/public/wiki/inc/auth.php(924): auth_sendPassword()
  #4 /opt/lampp/htdocs/public/wiki/inc/Action/Register.php(40): register()
  #5 /opt/lampp/htdocs/public/wiki/inc/ActionRouter.php(83): dokuwiki\Action\Register->preProcess()
  #6 /opt/lampp/htdocs/public/wiki/inc/ActionRouter.php(48): dokuwiki\ActionRouter->setupAction()
  #7 /opt/lampp/htdocs/public/wiki/inc/ActionRouter.php(60): dokuwiki\ActionRouter->__construct()
  #8 /opt/lampp/htdocs/public/wiki/inc/actions.php(16): dokuwiki\ActionRouter::getInstance()
  #9 /opt/lampp/htdocs/public/wiki/doku.php(126): act_dispatch()
  #10 {main}
2022-12-03 13:43:23	/opt/lampp/htdocs/public/wiki/inc/Mailer.class.php(641)	Warning: Undefined array key "userinfo"
  #0 /opt/lampp/htdocs/public/wiki/inc/Mailer.class.php(641): dokuwiki\ErrorHandler::logWarning()
  #1 /opt/lampp/htdocs/public/wiki/inc/Mailer.class.php(72): Mailer->prepareTokenReplacements()
  #2 /opt/lampp/htdocs/public/wiki/inc/Subscriptions/SubscriptionSender.php(14): Mailer->__construct()
  #3 /opt/lampp/htdocs/public/wiki/inc/auth.php(914): dokuwiki\Subscriptions\SubscriptionSender->__construct()
  #4 /opt/lampp/htdocs/public/wiki/inc/Action/Register.php(40): register()
  #5 /opt/lampp/htdocs/public/wiki/inc/ActionRouter.php(83): dokuwiki\Action\Register->preProcess()
  #6 /opt/lampp/htdocs/public/wiki/inc/ActionRouter.php(48): dokuwiki\ActionRouter->setupAction()
  #7 /opt/lampp/htdocs/public/wiki/inc/ActionRouter.php(60): dokuwiki\ActionRouter->__construct()
  #8 /opt/lampp/htdocs/public/wiki/inc/actions.php(16): dokuwiki\ActionRouter::getInstance()
  #9 /opt/lampp/htdocs/public/wiki/doku.php(126): act_dispatch()
  #10 {main}
2022-12-03 13:43:23	/opt/lampp/htdocs/public/wiki/inc/Mailer.class.php(641)	Warning: Trying to access array offset on value of type null
  #0 /opt/lampp/htdocs/public/wiki/inc/Mailer.class.php(641): dokuwiki\ErrorHandler::logWarning()
  #1 /opt/lampp/htdocs/public/wiki/inc/Mailer.class.php(72): Mailer->prepareTokenReplacements()
  #2 /opt/lampp/htdocs/public/wiki/inc/Subscriptions/SubscriptionSender.php(14): Mailer->__construct()
  #3 /opt/lampp/htdocs/public/wiki/inc/auth.php(914): dokuwiki\Subscriptions\SubscriptionSender->__construct()
  #4 /opt/lampp/htdocs/public/wiki/inc/Action/Register.php(40): register()
  #5 /opt/lampp/htdocs/public/wiki/inc/ActionRouter.php(83): dokuwiki\Action\Register->preProcess()
  #6 /opt/lampp/htdocs/public/wiki/inc/ActionRouter.php(48): dokuwiki\ActionRouter->setupAction()
  #7 /opt/lampp/htdocs/public/wiki/inc/ActionRouter.php(60): dokuwiki\ActionRouter->__construct()
  #8 /opt/lampp/htdocs/public/wiki/inc/actions.php(16): dokuwiki\ActionRouter::getInstance()
  #9 /opt/lampp/htdocs/public/wiki/doku.php(126): act_dispatch()
  #10 {main}
2022-12-03 13:43:23	/opt/lampp/htdocs/public/wiki/inc/Mailer.class.php(642)	Warning: Undefined array key "userinfo"
  #0 /opt/lampp/htdocs/public/wiki/inc/Mailer.class.php(642): dokuwiki\ErrorHandler::logWarning()
  #1 /opt/lampp/htdocs/public/wiki/inc/Mailer.class.php(72): Mailer->prepareTokenReplacements()
  #2 /opt/lampp/htdocs/public/wiki/inc/Subscriptions/SubscriptionSender.php(14): Mailer->__construct()
  #3 /opt/lampp/htdocs/public/wiki/inc/auth.php(914): dokuwiki\Subscriptions\SubscriptionSender->__construct()
  #4 /opt/lampp/htdocs/public/wiki/inc/Action/Register.php(40): register()
  #5 /opt/lampp/htdocs/public/wiki/inc/ActionRouter.php(83): dokuwiki\Action\Register->preProcess()
  #6 /opt/lampp/htdocs/public/wiki/inc/ActionRouter.php(48): dokuwiki\ActionRouter->setupAction()
  #7 /opt/lampp/htdocs/public/wiki/inc/ActionRouter.php(60): dokuwiki\ActionRouter->__construct()
  #8 /opt/lampp/htdocs/public/wiki/inc/actions.php(16): dokuwiki\ActionRouter::getInstance()
  #9 /opt/lampp/htdocs/public/wiki/doku.php(126): act_dispatch()
  #10 {main}
2022-12-03 13:43:23	/opt/lampp/htdocs/public/wiki/inc/Mailer.class.php(642)	Warning: Trying to access array offset on value of type null
  #0 /opt/lampp/htdocs/public/wiki/inc/Mailer.class.php(642): dokuwiki\ErrorHandler::logWarning()
  #1 /opt/lampp/htdocs/public/wiki/inc/Mailer.class.php(72): Mailer->prepareTokenReplacements()
  #2 /opt/lampp/htdocs/public/wiki/inc/Subscriptions/SubscriptionSender.php(14): Mailer->__construct()
  #3 /opt/lampp/htdocs/public/wiki/inc/auth.php(914): dokuwiki\Subscriptions\SubscriptionSender->__construct()
  #4 /opt/lampp/htdocs/public/wiki/inc/Action/Register.php(40): register()
  #5 /opt/lampp/htdocs/public/wiki/inc/ActionRouter.php(83): dokuwiki\Action\Register->preProcess()
  #6 /opt/lampp/htdocs/public/wiki/inc/ActionRouter.php(48): dokuwiki\ActionRouter->setupAction()
  #7 /opt/lampp/htdocs/public/wiki/inc/ActionRouter.php(60): dokuwiki\ActionRouter->__construct()
  #8 /opt/lampp/htdocs/public/wiki/inc/actions.php(16): dokuwiki\ActionRouter::getInstance()
  #9 /opt/lampp/htdocs/public/wiki/doku.php(126): act_dispatch()
  #10 {main}
2022-12-03 13:43:23	/opt/lampp/htdocs/public/wiki/inc/Mailer.class.php(641)	Warning: Undefined array key "userinfo"
  #0 /opt/lampp/htdocs/public/wiki/inc/Mailer.class.php(641): dokuwiki\ErrorHandler::logWarning()
  #1 /opt/lampp/htdocs/public/wiki/inc/Mailer.class.php(72): Mailer->prepareTokenReplacements()
  #2 /opt/lampp/htdocs/public/wiki/inc/auth.php(853): Mailer->__construct()
  #3 /opt/lampp/htdocs/public/wiki/inc/auth.php(924): auth_sendPassword()
  #4 /opt/lampp/htdocs/public/wiki/inc/Action/Register.php(40): register()
  #5 /opt/lampp/htdocs/public/wiki/inc/ActionRouter.php(83): dokuwiki\Action\Register->preProcess()
  #6 /opt/lampp/htdocs/public/wiki/inc/ActionRouter.php(48): dokuwiki\ActionRouter->setupAction()
  #7 /opt/lampp/htdocs/public/wiki/inc/ActionRouter.php(60): dokuwiki\ActionRouter->__construct()
  #8 /opt/lampp/htdocs/public/wiki/inc/actions.php(16): dokuwiki\ActionRouter::getInstance()
  #9 /opt/lampp/htdocs/public/wiki/doku.php(126): act_dispatch()
  #10 {main}
2022-12-03 13:43:23	/opt/lampp/htdocs/public/wiki/inc/Mailer.class.php(641)	Warning: Trying to access array offset on value of type null
  #0 /opt/lampp/htdocs/public/wiki/inc/Mailer.class.php(641): dokuwiki\ErrorHandler::logWarning()
  #1 /opt/lampp/htdocs/public/wiki/inc/Mailer.class.php(72): Mailer->prepareTokenReplacements()
  #2 /opt/lampp/htdocs/public/wiki/inc/auth.php(853): Mailer->__construct()
  #3 /opt/lampp/htdocs/public/wiki/inc/auth.php(924): auth_sendPassword()
  #4 /opt/lampp/htdocs/public/wiki/inc/Action/Register.php(40): register()
  #5 /opt/lampp/htdocs/public/wiki/inc/ActionRouter.php(83): dokuwiki\Action\Register->preProcess()
  #6 /opt/lampp/htdocs/public/wiki/inc/ActionRouter.php(48): dokuwiki\ActionRouter->setupAction()
  #7 /opt/lampp/htdocs/public/wiki/inc/ActionRouter.php(60): dokuwiki\ActionRouter->__construct()
  #8 /opt/lampp/htdocs/public/wiki/inc/actions.php(16): dokuwiki\ActionRouter::getInstance()
  #9 /opt/lampp/htdocs/public/wiki/doku.php(126): act_dispatch()
  #10 {main}
2022-12-03 13:43:23	/opt/lampp/htdocs/public/wiki/inc/Mailer.class.php(642)	Warning: Undefined array key "userinfo"
  #0 /opt/lampp/htdocs/public/wiki/inc/Mailer.class.php(642): dokuwiki\ErrorHandler::logWarning()
  #1 /opt/lampp/htdocs/public/wiki/inc/Mailer.class.php(72): Mailer->prepareTokenReplacements()
  #2 /opt/lampp/htdocs/public/wiki/inc/auth.php(853): Mailer->__construct()
  #3 /opt/lampp/htdocs/public/wiki/inc/auth.php(924): auth_sendPassword()
  #4 /opt/lampp/htdocs/public/wiki/inc/Action/Register.php(40): register()
  #5 /opt/lampp/htdocs/public/wiki/inc/ActionRouter.php(83): dokuwiki\Action\Register->preProcess()
  #6 /opt/lampp/htdocs/public/wiki/inc/ActionRouter.php(48): dokuwiki\ActionRouter->setupAction()
  #7 /opt/lampp/htdocs/public/wiki/inc/ActionRouter.php(60): dokuwiki\ActionRouter->__construct()
  #8 /opt/lampp/htdocs/public/wiki/inc/actions.php(16): dokuwiki\ActionRouter::getInstance()
  #9 /opt/lampp/htdocs/public/wiki/doku.php(126): act_dispatch()
  #10 {main}
2022-12-03 13:43:23	/opt/lampp/htdocs/public/wiki/inc/Mailer.class.php(642)	Warning: Trying to access array offset on value of type null
  #0 /opt/lampp/htdocs/public/wiki/inc/Mailer.class.php(642): dokuwiki\ErrorHandler::logWarning()
  #1 /opt/lampp/htdocs/public/wiki/inc/Mailer.class.php(72): Mailer->prepareTokenReplacements()
  #2 /opt/lampp/htdocs/public/wiki/inc/auth.php(853): Mailer->__construct()
  #3 /opt/lampp/htdocs/public/wiki/inc/auth.php(924): auth_sendPassword()
  #4 /opt/lampp/htdocs/public/wiki/inc/Action/Register.php(40): register()
  #5 /opt/lampp/htdocs/public/wiki/inc/ActionRouter.php(83): dokuwiki\Action\Register->preProcess()
  #6 /opt/lampp/htdocs/public/wiki/inc/ActionRouter.php(48): dokuwiki\ActionRouter->setupAction()
  #7 /opt/lampp/htdocs/public/wiki/inc/ActionRouter.php(60): dokuwiki\ActionRouter->__construct()
  #8 /opt/lampp/htdocs/public/wiki/inc/actions.php(16): dokuwiki\ActionRouter::getInstance()
  #9 /opt/lampp/htdocs/public/wiki/doku.php(126): act_dispatch()
  #10 {main}
2022-12-03 13:43:50	/opt/lampp/htdocs/public/wiki/inc/Mailer.class.php(641)	Warning: Undefined array key "userinfo"
  #0 /opt/lampp/htdocs/public/wiki/inc/Mailer.class.php(641): dokuwiki\ErrorHandler::logWarning()
  #1 /opt/lampp/htdocs/public/wiki/inc/Mailer.class.php(72): Mailer->prepareTokenReplacements()
  #2 /opt/lampp/htdocs/public/wiki/inc/Action/Resendpwd.php(171): Mailer->__construct()
  #3 /opt/lampp/htdocs/public/wiki/inc/Action/Resendpwd.php(41): dokuwiki\Action\Resendpwd->resendpwd()
  #4 /opt/lampp/htdocs/public/wiki/inc/ActionRouter.php(83): dokuwiki\Action\Resendpwd->preProcess()
  #5 /opt/lampp/htdocs/public/wiki/inc/ActionRouter.php(48): dokuwiki\ActionRouter->setupAction()
  #6 /opt/lampp/htdocs/public/wiki/inc/ActionRouter.php(60): dokuwiki\ActionRouter->__construct()
  #7 /opt/lampp/htdocs/public/wiki/inc/actions.php(16): dokuwiki\ActionRouter::getInstance()
  #8 /opt/lampp/htdocs/public/wiki/doku.php(126): act_dispatch()
  #9 {main}
2022-12-03 13:43:50	/opt/lampp/htdocs/public/wiki/inc/Mailer.class.php(641)	Warning: Trying to access array offset on value of type null
  #0 /opt/lampp/htdocs/public/wiki/inc/Mailer.class.php(641): dokuwiki\ErrorHandler::logWarning()
  #1 /opt/lampp/htdocs/public/wiki/inc/Mailer.class.php(72): Mailer->prepareTokenReplacements()
  #2 /opt/lampp/htdocs/public/wiki/inc/Action/Resendpwd.php(171): Mailer->__construct()
  #3 /opt/lampp/htdocs/public/wiki/inc/Action/Resendpwd.php(41): dokuwiki\Action\Resendpwd->resendpwd()
  #4 /opt/lampp/htdocs/public/wiki/inc/ActionRouter.php(83): dokuwiki\Action\Resendpwd->preProcess()
  #5 /opt/lampp/htdocs/public/wiki/inc/ActionRouter.php(48): dokuwiki\ActionRouter->setupAction()
  #6 /opt/lampp/htdocs/public/wiki/inc/ActionRouter.php(60): dokuwiki\ActionRouter->__construct()
  #7 /opt/lampp/htdocs/public/wiki/inc/actions.php(16): dokuwiki\ActionRouter::getInstance()
  #8 /opt/lampp/htdocs/public/wiki/doku.php(126): act_dispatch()
  #9 {main}
2022-12-03 13:43:50	/opt/lampp/htdocs/public/wiki/inc/Mailer.class.php(642)	Warning: Undefined array key "userinfo"
  #0 /opt/lampp/htdocs/public/wiki/inc/Mailer.class.php(642): dokuwiki\ErrorHandler::logWarning()
  #1 /opt/lampp/htdocs/public/wiki/inc/Mailer.class.php(72): Mailer->prepareTokenReplacements()
  #2 /opt/lampp/htdocs/public/wiki/inc/Action/Resendpwd.php(171): Mailer->__construct()
  #3 /opt/lampp/htdocs/public/wiki/inc/Action/Resendpwd.php(41): dokuwiki\Action\Resendpwd->resendpwd()
  #4 /opt/lampp/htdocs/public/wiki/inc/ActionRouter.php(83): dokuwiki\Action\Resendpwd->preProcess()
  #5 /opt/lampp/htdocs/public/wiki/inc/ActionRouter.php(48): dokuwiki\ActionRouter->setupAction()
  #6 /opt/lampp/htdocs/public/wiki/inc/ActionRouter.php(60): dokuwiki\ActionRouter->__construct()
  #7 /opt/lampp/htdocs/public/wiki/inc/actions.php(16): dokuwiki\ActionRouter::getInstance()
  #8 /opt/lampp/htdocs/public/wiki/doku.php(126): act_dispatch()
  #9 {main}
2022-12-03 13:43:50	/opt/lampp/htdocs/public/wiki/inc/Mailer.class.php(642)	Warning: Trying to access array offset on value of type null
  #0 /opt/lampp/htdocs/public/wiki/inc/Mailer.class.php(642): dokuwiki\ErrorHandler::logWarning()
  #1 /opt/lampp/htdocs/public/wiki/inc/Mailer.class.php(72): Mailer->prepareTokenReplacements()
  #2 /opt/lampp/htdocs/public/wiki/inc/Action/Resendpwd.php(171): Mailer->__construct()
  #3 /opt/lampp/htdocs/public/wiki/inc/Action/Resendpwd.php(41): dokuwiki\Action\Resendpwd->resendpwd()
  #4 /opt/lampp/htdocs/public/wiki/inc/ActionRouter.php(83): dokuwiki\Action\Resendpwd->preProcess()
  #5 /opt/lampp/htdocs/public/wiki/inc/ActionRouter.php(48): dokuwiki\ActionRouter->setupAction()
  #6 /opt/lampp/htdocs/public/wiki/inc/ActionRouter.php(60): dokuwiki\ActionRouter->__construct()
  #7 /opt/lampp/htdocs/public/wiki/inc/actions.php(16): dokuwiki\ActionRouter::getInstance()
  #8 /opt/lampp/htdocs/public/wiki/doku.php(126): act_dispatch()
  #9 {main}
